This file contains any messages produced by compilers while
running configure, to aid debugging if configure makes a mistake.

It was created by jellyfish configure 2.3.0, which was
generated by GNU Autoconf 2.69.  Invocation command line was

  $ ./configure 

## --------- ##
## Platform. ##
## --------- ##

hostname = node1.hadoop
uname -m = x86_64
uname -r = 3.10.0-862.el7.x86_64
uname -s = Linux
uname -v = #1 SMP Fri Apr 20 16:44:24 UTC 2018

/usr/bin/uname -p = x86_64
/bin/uname -X     = unknown

/bin/arch              = x86_64
/usr/bin/arch -k       = unknown
/usr/convex/getsysinfo = unknown
/usr/bin/hostinfo      = unknown
/bin/machine           = unknown
/usr/bin/oslevel       = unknown
/bin/universe          = unknown

PATH: /usr/local/hadoop-3.1.2//bin
PATH: /usr/local/hadoop-3.1.2//sbin
PATH: /hadoop/hadoop/bin
PATH: /hadoop/hadoop/sbin
PATH: /home/sjl/workspace/softwares/ncbi-blast-2.9.0+/bin
PATH: /opt/zookeeper-3.4.13//bin
PATH: /usr/local/sbin
PATH: /usr/local/bin
PATH: /usr/sbin
PATH: /usr/bin
PATH: /usr/local/jdk1.8/bin
PATH: /usr/local/jdk1.8/jre/bin
PATH: /usr/local/jdk1.8//bin
PATH: /usr/local/scala-2.12.8/bin
PATH: /usr/local/spark/bin
PATH: /usr/local/spark/sbin
PATH: /usr/local/python3Dir/bin
PATH: /hadoop/mongodb/mongodb/bin
PATH: /usr/local/hbase/bin
PATH: /hadoop/hadoop/tools
PATH: /home/sjl/workspace/softwares/FastQC
PATH: /home/sjl/workspace/softwares/Trimmomatic-0.39
PATH: /home/sjl/workspace/softwares/idba/bin
PATH: /home/sjl/workspace/softwares/megahit/build
PATH: /home/sjl/workspace/softwares/SPAdes-3.13.1-Linux/bin
PATH: /home/sjl/workspace/softwares/samtools-1.9
PATH: /home/sjl/workspace/softwares/quast-5.0.2
PATH: /home/sjl/workspace/softwares/canu/Linux-amd64/bin
PATH: /home/sjl/workspace/softwares/sratoolkit.2.9.6-centos_linux64/bin
PATH: /home/sjl/workspace/softwares
PATH: /home/sjl/workspace/softwares/bowtie2-2.3.5.1-linux-x86_64
PATH: /home/sjl/workspace/softwares/velvet_1.2.10
PATH: /home/sjl/wprkspace/softwares/minimap2
PATH: /home/tianmei/softwares/kraken2
PATH: /hadoop/tianmei/softwares/MetaPhlAn
PATH: /root/bin


## ----------- ##
## Core tests. ##
## ----------- ##

configure:2643: checking build system type
configure:2657: result: x86_64-pc-linux-gnu
configure:2677: checking host system type
configure:2690: result: x86_64-pc-linux-gnu
configure:2727: checking for a BSD-compatible install
configure:2795: result: /usr/bin/install -c
configure:2806: checking whether build environment is sane
configure:2861: result: yes
configure:3012: checking for a thread-safe mkdir -p
configure:3051: result: /usr/bin/mkdir -p
configure:3058: checking for gawk
configure:3074: found /usr/bin/gawk
configure:3085: result: gawk
configure:3096: checking whether make sets $(MAKE)
configure:3118: result: yes
configure:3147: checking whether make supports nested variables
configure:3164: result: yes
configure:3301: checking whether make supports nested variables
configure:3318: result: yes
configure:3378: checking how to print strings
configure:3405: result: printf
configure:3438: checking for style of include used by make
configure:3466: result: GNU
configure:3537: checking for gcc
configure:3553: found /usr/bin/gcc
configure:3564: result: gcc
configure:3793: checking for C compiler version
configure:3802: gcc --version >&5
gcc (GCC) 4.8.5 20150623 (Red Hat 4.8.5-39)
Copyright (C) 2015 Free Software Foundation, Inc.
This is free software; see the source for copying conditions.  There is NO
warranty; not even for MERCHANTABILITY or FITNESS FOR A PARTICULAR PURPOSE.

configure:3813: $? = 0
configure:3802: gcc -v >&5
Using built-in specs.
COLLECT_GCC=gcc
COLLECT_LTO_WRAPPER=/usr/libexec/gcc/x86_64-redhat-linux/4.8.5/lto-wrapper
Target: x86_64-redhat-linux
Configured with: ../configure --prefix=/usr --mandir=/usr/share/man --infodir=/usr/share/info --with-bugurl=http://bugzilla.redhat.com/bugzilla --enable-bootstrap --enable-shared --enable-threads=posix --enable-checking=release --with-system-zlib --enable-__cxa_atexit --disable-libunwind-exceptions --enable-gnu-unique-object --enable-linker-build-id --with-linker-hash-style=gnu --enable-languages=c,c++,objc,obj-c++,java,fortran,ada,go,lto --enable-plugin --enable-initfini-array --disable-libgcj --with-isl=/builddir/build/BUILD/gcc-4.8.5-20150702/obj-x86_64-redhat-linux/isl-install --with-cloog=/builddir/build/BUILD/gcc-4.8.5-20150702/obj-x86_64-redhat-linux/cloog-install --enable-gnu-indirect-function --with-tune=generic --with-arch_32=x86-64 --build=x86_64-redhat-linux
Thread model: posix
gcc version 4.8.5 20150623 (Red Hat 4.8.5-39) (GCC) 
configure:3813: $? = 0
configure:3802: gcc -V >&5
gcc: error: unrecognized command line option '-V'
gcc: fatal error: no input files
compilation terminated.
configure:3813: $? = 4
configure:3802: gcc -qversion >&5
gcc: error: unrecognized command line option '-qversion'
gcc: fatal error: no input files
compilation terminated.
configure:3813: $? = 4
configure:3833: checking whether the C compiler works
configure:3855: gcc    conftest.c  >&5
configure:3859: $? = 0
configure:3907: result: yes
configure:3910: checking for C compiler default output file name
configure:3912: result: a.out
configure:3918: checking for suffix of executables
configure:3925: gcc -o conftest    conftest.c  >&5
configure:3929: $? = 0
configure:3951: result: 
configure:3973: checking whether we are cross compiling
configure:3981: gcc -o conftest    conftest.c  >&5
configure:3985: $? = 0
configure:3992: ./conftest
configure:3996: $? = 0
configure:4011: result: no
configure:4016: checking for suffix of object files
configure:4038: gcc -c   conftest.c >&5
configure:4042: $? = 0
configure:4063: result: o
configure:4067: checking whether we are using the GNU C compiler
configure:4086: gcc -c   conftest.c >&5
configure:4086: $? = 0
configure:4095: result: yes
configure:4104: checking whether gcc accepts -g
configure:4124: gcc -c -g  conftest.c >&5
configure:4124: $? = 0
configure:4165: result: yes
configure:4182: checking for gcc option to accept ISO C89
configure:4245: gcc  -c -g -O2  conftest.c >&5
configure:4245: $? = 0
configure:4258: result: none needed
configure:4283: checking whether gcc understands -c and -o together
configure:4305: gcc -c conftest.c -o conftest2.o
configure:4308: $? = 0
configure:4305: gcc -c conftest.c -o conftest2.o
configure:4308: $? = 0
configure:4320: result: yes
configure:4339: checking dependency style of gcc
configure:4450: result: gcc3
configure:4465: checking for a sed that does not truncate output
configure:4529: result: /usr/bin/sed
configure:4547: checking for grep that handles long lines and -e
configure:4605: result: /usr/bin/grep
configure:4610: checking for egrep
configure:4672: result: /usr/bin/grep -E
configure:4677: checking for fgrep
configure:4739: result: /usr/bin/grep -F
configure:4774: checking for ld used by gcc
configure:4841: result: /usr/bin/ld
configure:4848: checking if the linker (/usr/bin/ld) is GNU ld
configure:4863: result: yes
configure:4875: checking for BSD- or MS-compatible name lister (nm)
configure:4929: result: /usr/bin/nm -B
configure:5059: checking the name lister (/usr/bin/nm -B) interface
configure:5066: gcc -c -g -O2  conftest.c >&5
configure:5069: /usr/bin/nm -B "conftest.o"
configure:5072: output
0000000000000000 B some_variable
configure:5079: result: BSD nm
configure:5082: checking whether ln -s works
configure:5086: result: yes
configure:5094: checking the maximum length of command line arguments
configure:5225: result: 1572864
configure:5273: checking how to convert x86_64-pc-linux-gnu file names to x86_64-pc-linux-gnu format
configure:5313: result: func_convert_file_noop
configure:5320: checking how to convert x86_64-pc-linux-gnu file names to toolchain format
configure:5340: result: func_convert_file_noop
configure:5347: checking for /usr/bin/ld option to reload object files
configure:5354: result: -r
configure:5428: checking for objdump
configure:5444: found /usr/bin/objdump
configure:5455: result: objdump
configure:5487: checking how to recognize dependent libraries
configure:5687: result: pass_all
configure:5772: checking for dlltool
configure:5802: result: no
configure:5832: checking how to associate runtime and link libraries
configure:5859: result: printf %s\n
configure:5920: checking for ar
configure:5936: found /usr/bin/ar
configure:5947: result: ar
configure:5984: checking for archiver @FILE support
configure:6001: gcc -c -g -O2  conftest.c >&5
configure:6001: $? = 0
configure:6004: ar cru libconftest.a @conftest.lst >&5
configure:6007: $? = 0
configure:6012: ar cru libconftest.a @conftest.lst >&5
ar: conftest.o: No such file or directory
configure:6015: $? = 1
configure:6027: result: @
configure:6085: checking for strip
configure:6101: found /usr/bin/strip
configure:6112: result: strip
configure:6184: checking for ranlib
configure:6200: found /usr/bin/ranlib
configure:6211: result: ranlib
configure:6313: checking command to parse /usr/bin/nm -B output from gcc object
configure:6466: gcc -c -g -O2  conftest.c >&5
configure:6469: $? = 0
configure:6473: /usr/bin/nm -B conftest.o \| sed -n -e 's/^.*[ ]\([ABCDGIRSTW][ABCDGIRSTW]*\)[ ][ ]*\([_A-Za-z][_A-Za-z0-9]*\)$/\1 \2 \2/p' | sed '/ __gnu_lto/d' \> conftest.nm
configure:6476: $? = 0
configure:6542: gcc -o conftest -g -O2   conftest.c conftstm.o >&5
configure:6545: $? = 0
configure:6583: result: ok
configure:6630: checking for sysroot
configure:6660: result: no
configure:6667: checking for a working dd
configure:6705: result: /usr/bin/dd
configure:6709: checking how to truncate binary pipes
configure:6724: result: /usr/bin/dd bs=4096 count=1
configure:6860: gcc -c -g -O2  conftest.c >&5
configure:6863: $? = 0
configure:7053: checking for mt
configure:7083: result: no
configure:7103: checking if : is a manifest tool
configure:7109: : '-?'
configure:7117: result: no
configure:7794: checking how to run the C preprocessor
configure:7825: gcc -E  conftest.c
configure:7825: $? = 0
configure:7839: gcc -E  conftest.c
conftest.c:11:28: fatal error: ac_nonexistent.h: No such file or directory
 #include <ac_nonexistent.h>
                            ^
compilation terminated.
configure:7839: $? = 1
configure: failed program was:
| /* confdefs.h */
| #define PACKAGE_NAME "jellyfish"
| #define PACKAGE_TARNAME "jellyfish"
| #define PACKAGE_VERSION "2.3.0"
| #define PACKAGE_STRING "jellyfish 2.3.0"
| #define PACKAGE_BUGREPORT "gmarcais@umd.edu"
| #define PACKAGE_URL ""
| #define PACKAGE "jellyfish"
| #define VERSION "2.3.0"
| /* end confdefs.h.  */
| #include <ac_nonexistent.h>
configure:7864: result: gcc -E
configure:7884: gcc -E  conftest.c
configure:7884: $? = 0
configure:7898: gcc -E  conftest.c
conftest.c:11:28: fatal error: ac_nonexistent.h: No such file or directory
 #include <ac_nonexistent.h>
                            ^
compilation terminated.
configure:7898: $? = 1
configure: failed program was:
| /* confdefs.h */
| #define PACKAGE_NAME "jellyfish"
| #define PACKAGE_TARNAME "jellyfish"
| #define PACKAGE_VERSION "2.3.0"
| #define PACKAGE_STRING "jellyfish 2.3.0"
| #define PACKAGE_BUGREPORT "gmarcais@umd.edu"
| #define PACKAGE_URL ""
| #define PACKAGE "jellyfish"
| #define VERSION "2.3.0"
| /* end confdefs.h.  */
| #include <ac_nonexistent.h>
configure:7927: checking for ANSI C header files
configure:7947: gcc -c -g -O2  conftest.c >&5
configure:7947: $? = 0
configure:8020: gcc -o conftest -g -O2   conftest.c  >&5
configure:8020: $? = 0
configure:8020: ./conftest
configure:8020: $? = 0
configure:8031: result: yes
configure:8044: checking for sys/types.h
configure:8044: gcc -c -g -O2  conftest.c >&5
configure:8044: $? = 0
configure:8044: result: yes
configure:8044: checking for sys/stat.h
configure:8044: gcc -c -g -O2  conftest.c >&5
configure:8044: $? = 0
configure:8044: result: yes
configure:8044: checking for stdlib.h
configure:8044: gcc -c -g -O2  conftest.c >&5
configure:8044: $? = 0
configure:8044: result: yes
configure:8044: checking for string.h
configure:8044: gcc -c -g -O2  conftest.c >&5
configure:8044: $? = 0
configure:8044: result: yes
configure:8044: checking for memory.h
configure:8044: gcc -c -g -O2  conftest.c >&5
configure:8044: $? = 0
configure:8044: result: yes
configure:8044: checking for strings.h
configure:8044: gcc -c -g -O2  conftest.c >&5
configure:8044: $? = 0
configure:8044: result: yes
configure:8044: checking for inttypes.h
configure:8044: gcc -c -g -O2  conftest.c >&5
configure:8044: $? = 0
configure:8044: result: yes
configure:8044: checking for stdint.h
configure:8044: gcc -c -g -O2  conftest.c >&5
configure:8044: $? = 0
configure:8044: result: yes
configure:8044: checking for unistd.h
configure:8044: gcc -c -g -O2  conftest.c >&5
configure:8044: $? = 0
configure:8044: result: yes
configure:8058: checking for dlfcn.h
configure:8058: gcc -c -g -O2  conftest.c >&5
configure:8058: $? = 0
configure:8058: result: yes
configure:8314: checking for objdir
configure:8329: result: .libs
configure:8593: checking if gcc supports -fno-rtti -fno-exceptions
configure:8611: gcc -c -g -O2  -fno-rtti -fno-exceptions conftest.c >&5
cc1: warning: command line option '-fno-rtti' is valid for C++/ObjC++ but not for C [enabled by default]
configure:8615: $? = 0
configure:8628: result: no
configure:8986: checking for gcc option to produce PIC
configure:8993: result: -fPIC -DPIC
configure:9001: checking if gcc PIC flag -fPIC -DPIC works
configure:9019: gcc -c -g -O2  -fPIC -DPIC -DPIC conftest.c >&5
configure:9023: $? = 0
configure:9036: result: yes
configure:9065: checking if gcc static flag -static works
configure:9093: result: no
configure:9108: checking if gcc supports -c -o file.o
configure:9129: gcc -c -g -O2  -o out/conftest2.o conftest.c >&5
configure:9133: $? = 0
configure:9155: result: yes
configure:9163: checking if gcc supports -c -o file.o
configure:9210: result: yes
configure:9243: checking whether the gcc linker (/usr/bin/ld -m elf_x86_64) supports shared libraries
configure:10506: result: yes
configure:10543: checking whether -lc should be explicitly linked in
configure:10551: gcc -c -g -O2  conftest.c >&5
configure:10554: $? = 0
configure:10569: gcc -shared  -fPIC -DPIC conftest.o  -v -Wl,-soname -Wl,conftest -o conftest 2\>\&1 \| /usr/bin/grep  -lc  \>/dev/null 2\>\&1
configure:10572: $? = 0
configure:10586: result: no
configure:10746: checking dynamic linker characteristics
configure:11327: gcc -o conftest -g -O2   -Wl,-rpath -Wl,/foo conftest.c  >&5
configure:11327: $? = 0
configure:11576: result: GNU/Linux ld.so
configure:11698: checking how to hardcode library paths into programs
configure:11723: result: immediate
configure:12271: checking whether stripping libraries is possible
configure:12276: result: yes
configure:12311: checking if libtool supports shared libraries
configure:12313: result: yes
configure:12316: checking whether to build shared libraries
configure:12341: result: yes
configure:12344: checking whether to build static libraries
configure:12348: result: yes
configure:12410: checking for ld used by gcc
configure:12477: result: /usr/bin/ld -m elf_x86_64
configure:12484: checking if the linker (/usr/bin/ld -m elf_x86_64) is GNU ld
configure:12499: result: yes
configure:12506: checking for shared library run path origin
configure:12519: result: done
configure:12592: checking for pkg-config
configure:12610: found /usr/bin/pkg-config
configure:12622: result: /usr/bin/pkg-config
configure:12647: checking pkg-config is at least version 0.9.0
configure:12650: result: yes
configure:12724: checking for g++
configure:12740: found /usr/bin/g++
configure:12751: result: g++
configure:12778: checking for C++ compiler version
configure:12787: g++ --version >&5
g++ (GCC) 4.8.5 20150623 (Red Hat 4.8.5-39)
Copyright (C) 2015 Free Software Foundation, Inc.
This is free software; see the source for copying conditions.  There is NO
warranty; not even for MERCHANTABILITY or FITNESS FOR A PARTICULAR PURPOSE.

configure:12798: $? = 0
configure:12787: g++ -v >&5
Using built-in specs.
COLLECT_GCC=g++
COLLECT_LTO_WRAPPER=/usr/libexec/gcc/x86_64-redhat-linux/4.8.5/lto-wrapper
Target: x86_64-redhat-linux
Configured with: ../configure --prefix=/usr --mandir=/usr/share/man --infodir=/usr/share/info --with-bugurl=http://bugzilla.redhat.com/bugzilla --enable-bootstrap --enable-shared --enable-threads=posix --enable-checking=release --with-system-zlib --enable-__cxa_atexit --disable-libunwind-exceptions --enable-gnu-unique-object --enable-linker-build-id --with-linker-hash-style=gnu --enable-languages=c,c++,objc,obj-c++,java,fortran,ada,go,lto --enable-plugin --enable-initfini-array --disable-libgcj --with-isl=/builddir/build/BUILD/gcc-4.8.5-20150702/obj-x86_64-redhat-linux/isl-install --with-cloog=/builddir/build/BUILD/gcc-4.8.5-20150702/obj-x86_64-redhat-linux/cloog-install --enable-gnu-indirect-function --with-tune=generic --with-arch_32=x86-64 --build=x86_64-redhat-linux
Thread model: posix
gcc version 4.8.5 20150623 (Red Hat 4.8.5-39) (GCC) 
configure:12798: $? = 0
configure:12787: g++ -V >&5
g++: error: unrecognized command line option '-V'
g++: fatal error: no input files
compilation terminated.
configure:12798: $? = 4
configure:12787: g++ -qversion >&5
g++: error: unrecognized command line option '-qversion'
g++: fatal error: no input files
compilation terminated.
configure:12798: $? = 4
configure:12802: checking whether we are using the GNU C++ compiler
configure:12821: g++ -c   conftest.cpp >&5
configure:12821: $? = 0
configure:12830: result: yes
configure:12839: checking whether g++ accepts -g
configure:12859: g++ -c -g  conftest.cpp >&5
configure:12859: $? = 0
configure:12900: result: yes
configure:12925: checking dependency style of g++
configure:13036: result: gcc3
configure:13069: checking how to run the C++ preprocessor
configure:13096: g++ -E  conftest.cpp
configure:13096: $? = 0
configure:13110: g++ -E  conftest.cpp
conftest.cpp:23:28: fatal error: ac_nonexistent.h: No such file or directory
 #include <ac_nonexistent.h>
                            ^
compilation terminated.
configure:13110: $? = 1
configure: failed program was:
| /* confdefs.h */
| #define PACKAGE_NAME "jellyfish"
| #define PACKAGE_TARNAME "jellyfish"
| #define PACKAGE_VERSION "2.3.0"
| #define PACKAGE_STRING "jellyfish 2.3.0"
| #define PACKAGE_BUGREPORT "gmarcais@umd.edu"
| #define PACKAGE_URL ""
| #define PACKAGE "jellyfish"
| #define VERSION "2.3.0"
| #define STDC_HEADERS 1
| #define HAVE_SYS_TYPES_H 1
| #define HAVE_SYS_STAT_H 1
| #define HAVE_STDLIB_H 1
| #define HAVE_STRING_H 1
| #define HAVE_MEMORY_H 1
| #define HAVE_STRINGS_H 1
| #define HAVE_INTTYPES_H 1
| #define HAVE_STDINT_H 1
| #define HAVE_UNISTD_H 1
| #define HAVE_DLFCN_H 1
| #define LT_OBJDIR ".libs/"
| /* end confdefs.h.  */
| #include <ac_nonexistent.h>
configure:13135: result: g++ -E
configure:13155: g++ -E  conftest.cpp
configure:13155: $? = 0
configure:13169: g++ -E  conftest.cpp
conftest.cpp:23:28: fatal error: ac_nonexistent.h: No such file or directory
 #include <ac_nonexistent.h>
                            ^
compilation terminated.
configure:13169: $? = 1
configure: failed program was:
| /* confdefs.h */
| #define PACKAGE_NAME "jellyfish"
| #define PACKAGE_TARNAME "jellyfish"
| #define PACKAGE_VERSION "2.3.0"
| #define PACKAGE_STRING "jellyfish 2.3.0"
| #define PACKAGE_BUGREPORT "gmarcais@umd.edu"
| #define PACKAGE_URL ""
| #define PACKAGE "jellyfish"
| #define VERSION "2.3.0"
| #define STDC_HEADERS 1
| #define HAVE_SYS_TYPES_H 1
| #define HAVE_SYS_STAT_H 1
| #define HAVE_STDLIB_H 1
| #define HAVE_STRING_H 1
| #define HAVE_MEMORY_H 1
| #define HAVE_STRINGS_H 1
| #define HAVE_INTTYPES_H 1
| #define HAVE_STDINT_H 1
| #define HAVE_UNISTD_H 1
| #define HAVE_DLFCN_H 1
| #define LT_OBJDIR ".libs/"
| /* end confdefs.h.  */
| #include <ac_nonexistent.h>
configure:13331: checking for ld used by g++
configure:13398: result: /usr/bin/ld -m elf_x86_64
configure:13405: checking if the linker (/usr/bin/ld -m elf_x86_64) is GNU ld
configure:13420: result: yes
configure:13475: checking whether the g++ linker (/usr/bin/ld -m elf_x86_64) supports shared libraries
configure:14548: result: yes
configure:14584: g++ -c -g -O2  conftest.cpp >&5
configure:14587: $? = 0
configure:15068: checking for g++ option to produce PIC
configure:15075: result: -fPIC -DPIC
configure:15083: checking if g++ PIC flag -fPIC -DPIC works
configure:15101: g++ -c -g -O2  -fPIC -DPIC -DPIC conftest.cpp >&5
configure:15105: $? = 0
configure:15118: result: yes
configure:15141: checking if g++ static flag -static works
configure:15169: result: no
configure:15181: checking if g++ supports -c -o file.o
configure:15202: g++ -c -g -O2  -o out/conftest2.o conftest.cpp >&5
configure:15206: $? = 0
configure:15228: result: yes
configure:15233: checking if g++ supports -c -o file.o
configure:15280: result: yes
configure:15310: checking whether the g++ linker (/usr/bin/ld -m elf_x86_64) supports shared libraries
configure:15353: result: yes
configure:15494: checking dynamic linker characteristics
configure:16251: result: GNU/Linux ld.so
configure:16316: checking how to hardcode library paths into programs
configure:16341: result: immediate
configure:16467: checking for HTSLIB
configure:16474: $PKG_CONFIG --exists --print-errors "htslib"
Package htslib was not found in the pkg-config search path.
Perhaps you should add the directory containing `htslib.pc'
to the PKG_CONFIG_PATH environment variable
No package 'htslib' found
configure:16477: $? = 1
configure:16491: $PKG_CONFIG --exists --print-errors "htslib"
Package htslib was not found in the pkg-config search path.
Perhaps you should add the directory containing `htslib.pc'
to the PKG_CONFIG_PATH environment variable
No package 'htslib' found
configure:16494: $? = 1
configure:16508: result: no
No package 'htslib' found
configure:16604: checking for samtools
configure:16622: found /home/sjl/workspace/softwares/samtools-1.9/samtools
configure:16634: result: /home/sjl/workspace/softwares/samtools-1.9/samtools
configure:16648: checking for unix2dos
configure:16681: result: no
configure:16693: checking for md5sum
configure:16709: found /usr/bin/md5sum
configure:16720: result: md5sum
configure:16777: checking for yaggo
configure:16808: result: false
configure:16838: checking for x86 cpuid  output
configure:16870: gcc -o conftest -g -O2   conftest.c  >&5
conftest.c: In function 'main':
conftest.c:28:15: error: expected expression before ',' token
      int op = , level = 0, eax, ebx, ecx, edx;
               ^
configure:16870: $? = 1
configure: program exited with status 1
configure: failed program was:
| /* confdefs.h */
| #define PACKAGE_NAME "jellyfish"
| #define PACKAGE_TARNAME "jellyfish"
| #define PACKAGE_VERSION "2.3.0"
| #define PACKAGE_STRING "jellyfish 2.3.0"
| #define PACKAGE_BUGREPORT "gmarcais@umd.edu"
| #define PACKAGE_URL ""
| #define PACKAGE "jellyfish"
| #define VERSION "2.3.0"
| #define STDC_HEADERS 1
| #define HAVE_SYS_TYPES_H 1
| #define HAVE_SYS_STAT_H 1
| #define HAVE_STDLIB_H 1
| #define HAVE_STRING_H 1
| #define HAVE_MEMORY_H 1
| #define HAVE_STRINGS_H 1
| #define HAVE_INTTYPES_H 1
| #define HAVE_STDINT_H 1
| #define HAVE_UNISTD_H 1
| #define HAVE_DLFCN_H 1
| #define LT_OBJDIR ".libs/"
| /* end confdefs.h.  */
| #include <stdio.h>
| int
| main ()
| {
| 
|      int op = , level = 0, eax, ebx, ecx, edx;
|      FILE *f;
|       __asm__ __volatile__ ("xchg %%ebx, %1\n"
|         "cpuid\n"
|         "xchg %%ebx, %1\n"
|         : "=a" (eax), "=r" (ebx), "=c" (ecx), "=d" (edx)
|         : "a" (op), "2" (level));
| 
|      f = fopen("conftest_cpuid", "w"); if (!f) return 1;
|      fprintf(f, "%x:%x:%x:%x\n", eax, ebx, ecx, edx);
|      fclose(f);
|      return 0;
| 
|   ;
|   return 0;
| }
configure:16880: result: unknown
configure:16897: checking for x86-AVX xgetbv  output
configure:16927: gcc -o conftest -g -O2   conftest.c  >&5
conftest.c: In function 'main':
conftest.c:28:15: error: expected expression before ',' token
      int op = , eax, edx;
               ^
configure:16927: $? = 1
configure: program exited with status 1
configure: failed program was:
| /* confdefs.h */
| #define PACKAGE_NAME "jellyfish"
| #define PACKAGE_TARNAME "jellyfish"
| #define PACKAGE_VERSION "2.3.0"
| #define PACKAGE_STRING "jellyfish 2.3.0"
| #define PACKAGE_BUGREPORT "gmarcais@umd.edu"
| #define PACKAGE_URL ""
| #define PACKAGE "jellyfish"
| #define VERSION "2.3.0"
| #define STDC_HEADERS 1
| #define HAVE_SYS_TYPES_H 1
| #define HAVE_SYS_STAT_H 1
| #define HAVE_STDLIB_H 1
| #define HAVE_STRING_H 1
| #define HAVE_MEMORY_H 1
| #define HAVE_STRINGS_H 1
| #define HAVE_INTTYPES_H 1
| #define HAVE_STDINT_H 1
| #define HAVE_UNISTD_H 1
| #define HAVE_DLFCN_H 1
| #define LT_OBJDIR ".libs/"
| /* end confdefs.h.  */
| #include <stdio.h>
| int
| main ()
| {
| 
|      int op = , eax, edx;
|      FILE *f;
|       /* Opcodes for xgetbv */
|       __asm__ __volatile__ (".byte 0x0f, 0x01, 0xd0"
|         : "=a" (eax), "=d" (edx)
|         : "c" (op));
|      f = fopen("conftest_xgetbv", "w"); if (!f) return 1;
|      fprintf(f, "%x:%x\n", eax, edx);
|      fclose(f);
|      return 0;
| 
|   ;
|   return 0;
| }
configure:16937: result: unknown
configure:17138: checking for x86 cpuid 0x00000000 output
configure:17170: gcc -o conftest -g -O2   conftest.c  >&5
configure:17170: $? = 0
configure:17170: ./conftest
configure:17170: $? = 0
configure:17180: result: 14:756e6547:6c65746e:49656e69
configure:17203: checking for x86 cpuid 0x80000000 output
configure:17235: gcc -o conftest -g -O2   conftest.c  >&5
configure:17235: $? = 0
configure:17235: ./conftest
configure:17235: $? = 0
configure:17245: result: 80000008:0:0:0
configure:17270: checking for x86 cpuid 0x00000001 output
configure:17302: gcc -o conftest -g -O2   conftest.c  >&5
configure:17302: $? = 0
configure:17302: ./conftest
configure:17302: $? = 0
configure:17312: result: 406f1:3200800:7ffefbff:bfebfbff
configure:17339: checking for x86 cpuid 0x00000007 output
configure:17371: gcc -o conftest -g -O2   conftest.c  >&5
configure:17371: $? = 0
configure:17371: ./conftest
configure:17371: $? = 0
configure:17381: result: 0:21cbfbb:0:0
configure:17407: checking for x86 cpuid 0x80000001 output
configure:17439: gcc -o conftest -g -O2   conftest.c  >&5
configure:17439: $? = 0
configure:17439: ./conftest
configure:17439: $? = 0
configure:17449: result: 0:0:121:2c100800
configure:17508: gcc -o conftest -g -O2   conftest.c  >&5
configure:17508: $? = 0
configure:17508: ./conftest
configure:17508: $? = 0
configure:17537: checking for x86-AVX xgetbv 0x00000000 output
configure:17567: gcc -o conftest -g -O2   conftest.c  >&5
configure:17567: $? = 0
configure:17567: ./conftest
configure:17567: $? = 0
configure:17577: result: 7:0
configure:17631: checking whether RDRND is supported by the processor
configure:17644: result: yes
configure:17648: checking whether RDRND is supported by the processor and OS
configure:17661: result: yes
configure:17666: checking whether C++ compiler accepts -mrdrnd
configure:17685: g++ -c -std=c++11 -g -O2  -mrdrnd  conftest.cpp >&5
configure:17685: $? = 0
configure:17694: result: yes
configure:17631: checking whether BMI1 is supported by the processor
configure:17644: result: yes
configure:17648: checking whether BMI1 is supported by the processor and OS
configure:17661: result: yes
configure:17666: checking whether C++ compiler accepts -mbmi
configure:17685: g++ -c -std=c++11 -g -O2  -mbmi  conftest.cpp >&5
configure:17685: $? = 0
configure:17694: result: yes
configure:17631: checking whether BMI2 is supported by the processor
configure:17644: result: yes
configure:17648: checking whether BMI2 is supported by the processor and OS
configure:17661: result: yes
configure:17666: checking whether C++ compiler accepts -mbmi2
configure:17685: g++ -c -std=c++11 -g -O2  -mbmi2  conftest.cpp >&5
configure:17685: $? = 0
configure:17694: result: yes
configure:17631: checking whether ADX is supported by the processor
configure:17644: result: yes
configure:17648: checking whether ADX is supported by the processor and OS
configure:17661: result: yes
configure:17666: checking whether C++ compiler accepts -madx
configure:17685: g++ -c -std=c++11 -g -O2  -madx  conftest.cpp >&5
configure:17685: $? = 0
configure:17694: result: yes
configure:17631: checking whether MPX is supported by the processor
configure:17644: result: no
configure:17631: checking whether PREFETCHWT1 is supported by the processor
configure:17644: result: no
configure:17631: checking whether ABM is supported by the processor
configure:17644: result: yes
configure:17648: checking whether ABM is supported by the processor and OS
configure:17661: result: yes
configure:17666: checking whether C++ compiler accepts -mabm
configure:17685: g++ -c -std=c++11 -g -O2  -mabm  conftest.cpp >&5
configure:17685: $? = 0
configure:17694: result: yes
configure:17631: checking whether MMX is supported by the processor
configure:17644: result: yes
configure:17648: checking whether MMX is supported by the processor and OS
configure:17661: result: yes
configure:17666: checking whether C++ compiler accepts -mmmx
configure:17685: g++ -c -std=c++11 -g -O2  -mmmx  conftest.cpp >&5
configure:17685: $? = 0
configure:17694: result: yes
configure:17631: checking whether SSE is supported by the processor
configure:17644: result: yes
configure:17648: checking whether SSE is supported by the processor and OS
configure:17661: result: yes
configure:17666: checking whether C++ compiler accepts -msse
configure:17685: g++ -c -std=c++11 -g -O2  -msse  conftest.cpp >&5
configure:17685: $? = 0
configure:17694: result: yes
configure:17631: checking whether SSE2 is supported by the processor
configure:17644: result: yes
configure:17648: checking whether SSE2 is supported by the processor and OS
configure:17661: result: yes
configure:17666: checking whether C++ compiler accepts -msse2
configure:17685: g++ -c -std=c++11 -g -O2  -msse2  conftest.cpp >&5
configure:17685: $? = 0
configure:17694: result: yes
configure:17631: checking whether SSE3 is supported by the processor
configure:17644: result: yes
configure:17648: checking whether SSE3 is supported by the processor and OS
configure:17661: result: yes
configure:17666: checking whether C++ compiler accepts -msse3
configure:17685: g++ -c -std=c++11 -g -O2  -msse3  conftest.cpp >&5
configure:17685: $? = 0
configure:17694: result: yes
configure:17631: checking whether SSSE3 is supported by the processor
configure:17644: result: yes
configure:17648: checking whether SSSE3 is supported by the processor and OS
configure:17661: result: yes
configure:17666: checking whether C++ compiler accepts -mssse3
configure:17685: g++ -c -std=c++11 -g -O2  -mssse3  conftest.cpp >&5
configure:17685: $? = 0
configure:17694: result: yes
configure:17631: checking whether SSE4.1 is supported by the processor
configure:17644: result: yes
configure:17648: checking whether SSE4.1 is supported by the processor and OS
configure:17661: result: yes
configure:17666: checking whether C++ compiler accepts -msse4.1
configure:17685: g++ -c -std=c++11 -g -O2  -msse4.1  conftest.cpp >&5
configure:17685: $? = 0
configure:17694: result: yes
configure:17631: checking whether SSE4.2 is supported by the processor
configure:17644: result: yes
configure:17648: checking whether SSE4.2 is supported by the processor and OS
configure:17661: result: yes
configure:17666: checking whether C++ compiler accepts -msse4.2
configure:17685: g++ -c -std=c++11 -g -O2  -msse4.2  conftest.cpp >&5
configure:17685: $? = 0
configure:17694: result: yes
configure:17631: checking whether SSE4a is supported by the processor
configure:17644: result: no
configure:17631: checking whether SHA is supported by the processor
configure:17644: result: no
configure:17631: checking whether AES is supported by the processor
configure:17644: result: yes
configure:17648: checking whether AES is supported by the processor and OS
configure:17661: result: yes
configure:17666: checking whether C++ compiler accepts -maes
configure:17685: g++ -c -std=c++11 -g -O2  -maes  conftest.cpp >&5
configure:17685: $? = 0
configure:17694: result: yes
configure:17631: checking whether AVX is supported by the processor
configure:17644: result: yes
configure:17648: checking whether AVX is supported by the processor and OS
configure:17661: result: yes
configure:17666: checking whether C++ compiler accepts -mavx
configure:17685: g++ -c -std=c++11 -g -O2  -mavx  conftest.cpp >&5
configure:17685: $? = 0
configure:17694: result: yes
configure:17631: checking whether FMA3 is supported by the processor
configure:17644: result: yes
configure:17648: checking whether FMA3 is supported by the processor and OS
configure:17661: result: yes
configure:17666: checking whether C++ compiler accepts -mfma
configure:17685: g++ -c -std=c++11 -g -O2  -mfma  conftest.cpp >&5
configure:17685: $? = 0
configure:17694: result: yes
configure:17631: checking whether FMA4 is supported by the processor
configure:17644: result: no
configure:17631: checking whether XOP is supported by the processor
configure:17644: result: no
configure:17631: checking whether AVX2 is supported by the processor
configure:17644: result: yes
configure:17648: checking whether AVX2 is supported by the processor and OS
configure:17661: result: yes
configure:17666: checking whether C++ compiler accepts -mavx2
configure:17685: g++ -c -std=c++11 -g -O2  -mavx2  conftest.cpp >&5
configure:17685: $? = 0
configure:17694: result: yes
configure:17631: checking whether AVX512-F is supported by the processor
configure:17644: result: no
configure:17631: checking whether AVX512-CD is supported by the processor
configure:17644: result: no
configure:17631: checking whether AVX512-PF is supported by the processor
configure:17644: result: no
configure:17631: checking whether AVX512-ER is supported by the processor
configure:17644: result: no
configure:17631: checking whether AVX512-VL is supported by the processor
configure:17644: result: no
configure:17631: checking whether AVX512-BW is supported by the processor
configure:17644: result: no
configure:17631: checking whether AVX512-DQ is supported by the processor
configure:17644: result: no
configure:17631: checking whether AVX512-IFMA is supported by the processor
configure:17644: result: no
configure:17631: checking whether AVX512-VBMI is supported by the processor
configure:17644: result: no
configure:17892: checking for __int128
configure:17892: g++ -c -std=c++11 -g -O2  conftest.cpp >&5
configure:17892: $? = 0
configure:17892: g++ -c -std=c++11 -g -O2  conftest.cpp >&5
conftest.cpp: In function 'int main()':
conftest.cpp:75:14: error: expected primary-expression before '__int128'
 if (sizeof ((__int128)))
              ^
conftest.cpp:75:14: error: expected ')' before '__int128'
conftest.cpp:76:14: error: expected ')' before ';' token
      return 0;
              ^
conftest.cpp:76:14: error: expected ')' before ';' token
configure:17892: $? = 1
configure: failed program was:
| /* confdefs.h */
| #define PACKAGE_NAME "jellyfish"
| #define PACKAGE_TARNAME "jellyfish"
| #define PACKAGE_VERSION "2.3.0"
| #define PACKAGE_STRING "jellyfish 2.3.0"
| #define PACKAGE_BUGREPORT "gmarcais@umd.edu"
| #define PACKAGE_URL ""
| #define PACKAGE "jellyfish"
| #define VERSION "2.3.0"
| #define STDC_HEADERS 1
| #define HAVE_SYS_TYPES_H 1
| #define HAVE_SYS_STAT_H 1
| #define HAVE_STDLIB_H 1
| #define HAVE_STRING_H 1
| #define HAVE_MEMORY_H 1
| #define HAVE_STRINGS_H 1
| #define HAVE_INTTYPES_H 1
| #define HAVE_STDINT_H 1
| #define HAVE_UNISTD_H 1
| #define HAVE_DLFCN_H 1
| #define LT_OBJDIR ".libs/"
| #define HAVE_RDRND 1
| #define HAVE_BMI1 1
| #define HAVE_BMI2 1
| #define HAVE_ADX 1
| #define HAVE_ABM 1
| #define HAVE_MMX 1
| #define HAVE_SSE 1
| #define HAVE_SSE2 1
| #define HAVE_SSE3 1
| #define HAVE_SSSE3 1
| #define HAVE_SSE4_1 1
| #define HAVE_SSE4_2 1
| #define HAVE_AES 1
| #define HAVE_AVX 1
| #define HAVE_FMA3 1
| #define HAVE_AVX2 1
| /* end confdefs.h.  */
| #include <stdio.h>
| #ifdef HAVE_SYS_TYPES_H
| # include <sys/types.h>
| #endif
| #ifdef HAVE_SYS_STAT_H
| # include <sys/stat.h>
| #endif
| #ifdef STDC_HEADERS
| # include <stdlib.h>
| # include <stddef.h>
| #else
| # ifdef HAVE_STDLIB_H
| #  include <stdlib.h>
| # endif
| #endif
| #ifdef HAVE_STRING_H
| # if !defined STDC_HEADERS && defined HAVE_MEMORY_H
| #  include <memory.h>
| # endif
| # include <string.h>
| #endif
| #ifdef HAVE_STRINGS_H
| # include <strings.h>
| #endif
| #ifdef HAVE_INTTYPES_H
| # include <inttypes.h>
| #endif
| #ifdef HAVE_STDINT_H
| # include <stdint.h>
| #endif
| #ifdef HAVE_UNISTD_H
| # include <unistd.h>
| #endif
| int
| main ()
| {
| if (sizeof ((__int128)))
| 	    return 0;
|   ;
|   return 0;
| }
configure:17892: result: yes
configure:17899: checking for std::numeric_limits<__int128>
configure:17913: g++ -c -std=c++11 -g -O2  conftest.cpp >&5
conftest.cpp: In function 'int main()':
conftest.cpp:45:1: error: incomplete type 'StaticAssert<false>' used in nested name specifier
 StaticAssert<std::numeric_limits<__int128>::is_specialized>::assert();
 ^
configure:17913: $? = 1
configure: failed program was:
| /* confdefs.h */
| #define PACKAGE_NAME "jellyfish"
| #define PACKAGE_TARNAME "jellyfish"
| #define PACKAGE_VERSION "2.3.0"
| #define PACKAGE_STRING "jellyfish 2.3.0"
| #define PACKAGE_BUGREPORT "gmarcais@umd.edu"
| #define PACKAGE_URL ""
| #define PACKAGE "jellyfish"
| #define VERSION "2.3.0"
| #define STDC_HEADERS 1
| #define HAVE_SYS_TYPES_H 1
| #define HAVE_SYS_STAT_H 1
| #define HAVE_STDLIB_H 1
| #define HAVE_STRING_H 1
| #define HAVE_MEMORY_H 1
| #define HAVE_STRINGS_H 1
| #define HAVE_INTTYPES_H 1
| #define HAVE_STDINT_H 1
| #define HAVE_UNISTD_H 1
| #define HAVE_DLFCN_H 1
| #define LT_OBJDIR ".libs/"
| #define HAVE_RDRND 1
| #define HAVE_BMI1 1
| #define HAVE_BMI2 1
| #define HAVE_ADX 1
| #define HAVE_ABM 1
| #define HAVE_MMX 1
| #define HAVE_SSE 1
| #define HAVE_SSE2 1
| #define HAVE_SSE3 1
| #define HAVE_SSSE3 1
| #define HAVE_SSE4_1 1
| #define HAVE_SSE4_2 1
| #define HAVE_AES 1
| #define HAVE_AVX 1
| #define HAVE_FMA3 1
| #define HAVE_AVX2 1
| #define HAVE_INT128 1
| /* end confdefs.h.  */
| #include <limits>
|                                             template<bool> struct StaticAssert; template<> struct StaticAssert<true> { static void assert() { } };
| int
| main ()
| {
| StaticAssert<std::numeric_limits<__int128>::is_specialized>::assert();
|   ;
|   return 0;
| }
configure:17920: result: no
configure:17927: checking for _NSGetExecutablePath
configure:17940: g++ -o conftest -std=c++11 -g -O2   conftest.cpp  >&5
conftest.cpp:40:25: fatal error: mach-o/dyld.h: No such file or directory
 #include <mach-o/dyld.h>
                         ^
compilation terminated.
configure:17940: $? = 1
configure: failed program was:
| /* confdefs.h */
| #define PACKAGE_NAME "jellyfish"
| #define PACKAGE_TARNAME "jellyfish"
| #define PACKAGE_VERSION "2.3.0"
| #define PACKAGE_STRING "jellyfish 2.3.0"
| #define PACKAGE_BUGREPORT "gmarcais@umd.edu"
| #define PACKAGE_URL ""
| #define PACKAGE "jellyfish"
| #define VERSION "2.3.0"
| #define STDC_HEADERS 1
| #define HAVE_SYS_TYPES_H 1
| #define HAVE_SYS_STAT_H 1
| #define HAVE_STDLIB_H 1
| #define HAVE_STRING_H 1
| #define HAVE_MEMORY_H 1
| #define HAVE_STRINGS_H 1
| #define HAVE_INTTYPES_H 1
| #define HAVE_STDINT_H 1
| #define HAVE_UNISTD_H 1
| #define HAVE_DLFCN_H 1
| #define LT_OBJDIR ".libs/"
| #define HAVE_RDRND 1
| #define HAVE_BMI1 1
| #define HAVE_BMI2 1
| #define HAVE_ADX 1
| #define HAVE_ABM 1
| #define HAVE_MMX 1
| #define HAVE_SSE 1
| #define HAVE_SSE2 1
| #define HAVE_SSE3 1
| #define HAVE_SSSE3 1
| #define HAVE_SSE4_1 1
| #define HAVE_SSE4_2 1
| #define HAVE_AES 1
| #define HAVE_AVX 1
| #define HAVE_FMA3 1
| #define HAVE_AVX2 1
| #define HAVE_INT128 1
| /* end confdefs.h.  */
| #include <mach-o/dyld.h>
| int
| main ()
| {
| _NSGetExecutablePath(0, 0);
|   ;
|   return 0;
| }
configure:17947: result: no
configure:17959: checking for execinfo.h
configure:17959: g++ -c -std=c++11 -g -O2  conftest.cpp >&5
configure:17959: $? = 0
configure:17959: result: yes
configure:17959: checking for ext/stdio_filebuf.h
configure:17959: g++ -c -std=c++11 -g -O2  conftest.cpp >&5
configure:17959: $? = 0
configure:17959: result: yes
configure:17959: checking for sys/syscall.h
configure:17959: g++ -c -std=c++11 -g -O2  conftest.cpp >&5
configure:17959: $? = 0
configure:17959: result: yes
configure:17977: checking for siginfo_t.si_int
configure:17977: g++ -c -std=c++11 -g -O2  conftest.cpp >&5
configure:17977: $? = 0
configure:17977: result: yes
configure:18846: checking for posix_memalign
configure:18846: g++ -o conftest -std=c++11 -g -O2   conftest.cpp  >&5
configure:18846: $? = 0
configure:18846: result: yes
configure:18846: checking for aligned_alloc
configure:18846: g++ -o conftest -std=c++11 -g -O2   conftest.cpp  >&5
configure:18846: $? = 0
configure:18846: result: yes
configure:18965: checking that generated files are newer than configure
configure:18971: result: done
configure:19018: creating ./config.status

## ---------------------- ##
## Running config.status. ##
## ---------------------- ##

This file was extended by jellyfish config.status 2.3.0, which was
generated by GNU Autoconf 2.69.  Invocation command line was

  CONFIG_FILES    = 
  CONFIG_HEADERS  = 
  CONFIG_LINKS    = 
  CONFIG_COMMANDS = 
  $ ./config.status 

on node1.hadoop

config.status:1219: creating Makefile
config.status:1219: creating compat.sh
config.status:1219: creating jellyfish-2.0.pc
config.status:1219: creating config.h
config.status:1448: executing depfiles commands
config.status:1448: executing libtool commands

## ---------------- ##
## Cache variables. ##
## ---------------- ##

ac_cv_build=x86_64-pc-linux-gnu
ac_cv_c_compiler_gnu=yes
ac_cv_cxx_compiler_gnu=yes
ac_cv_env_CCC_set=
ac_cv_env_CCC_value=
ac_cv_env_CC_set=
ac_cv_env_CC_value=
ac_cv_env_CFLAGS_set=
ac_cv_env_CFLAGS_value=
ac_cv_env_CPPFLAGS_set=
ac_cv_env_CPPFLAGS_value=
ac_cv_env_CPP_set=
ac_cv_env_CPP_value=
ac_cv_env_CXXCPP_set=
ac_cv_env_CXXCPP_value=
ac_cv_env_CXXFLAGS_set=
ac_cv_env_CXXFLAGS_value=
ac_cv_env_CXX_set=
ac_cv_env_CXX_value=
ac_cv_env_HTSLIB_CFLAGS_set=
ac_cv_env_HTSLIB_CFLAGS_value=
ac_cv_env_HTSLIB_LIBS_set=
ac_cv_env_HTSLIB_LIBS_value=
ac_cv_env_LDFLAGS_set=
ac_cv_env_LDFLAGS_value=
ac_cv_env_LIBS_set=
ac_cv_env_LIBS_value=
ac_cv_env_LT_SYS_LIBRARY_PATH_set=
ac_cv_env_LT_SYS_LIBRARY_PATH_value=
ac_cv_env_MD5_set=
ac_cv_env_MD5_value=
ac_cv_env_PERL_EXT_CPPFLAGS_set=
ac_cv_env_PERL_EXT_CPPFLAGS_value=
ac_cv_env_PERL_EXT_INC_set=
ac_cv_env_PERL_EXT_INC_value=
ac_cv_env_PERL_EXT_LDFLAGS_set=
ac_cv_env_PERL_EXT_LDFLAGS_value=
ac_cv_env_PERL_EXT_LIB_set=
ac_cv_env_PERL_EXT_LIB_value=
ac_cv_env_PERL_EXT_PREFIX_set=
ac_cv_env_PERL_EXT_PREFIX_value=
ac_cv_env_PKG_CONFIG_LIBDIR_set=
ac_cv_env_PKG_CONFIG_LIBDIR_value=
ac_cv_env_PKG_CONFIG_PATH_set=
ac_cv_env_PKG_CONFIG_PATH_value=
ac_cv_env_PKG_CONFIG_set=
ac_cv_env_PKG_CONFIG_value=
ac_cv_env_PYTHON_VERSION_set=
ac_cv_env_PYTHON_VERSION_value=
ac_cv_env_RUBY_set=
ac_cv_env_RUBY_value=
ac_cv_env_SAMTOOLS_set=
ac_cv_env_SAMTOOLS_value=
ac_cv_env_UNIX2DOS_set=
ac_cv_env_UNIX2DOS_value=
ac_cv_env_VALGRIND_CFLAGS_set=
ac_cv_env_VALGRIND_CFLAGS_value=
ac_cv_env_VALGRIND_LIBS_set=
ac_cv_env_VALGRIND_LIBS_value=
ac_cv_env_YAGGO_set=
ac_cv_env_YAGGO_value=
ac_cv_env_build_alias_set=
ac_cv_env_build_alias_value=
ac_cv_env_host_alias_set=
ac_cv_env_host_alias_value=
ac_cv_env_target_alias_set=
ac_cv_env_target_alias_value=
ac_cv_func_aligned_alloc=yes
ac_cv_func_posix_memalign=yes
ac_cv_header_dlfcn_h=yes
ac_cv_header_execinfo_h=yes
ac_cv_header_ext_stdio_filebuf_h=yes
ac_cv_header_inttypes_h=yes
ac_cv_header_memory_h=yes
ac_cv_header_stdc=yes
ac_cv_header_stdint_h=yes
ac_cv_header_stdlib_h=yes
ac_cv_header_string_h=yes
ac_cv_header_strings_h=yes
ac_cv_header_sys_stat_h=yes
ac_cv_header_sys_syscall_h=yes
ac_cv_header_sys_types_h=yes
ac_cv_header_unistd_h=yes
ac_cv_host=x86_64-pc-linux-gnu
ac_cv_member_siginfo_t_si_int=yes
ac_cv_objext=o
ac_cv_path_EGREP='/usr/bin/grep -E'
ac_cv_path_FGREP='/usr/bin/grep -F'
ac_cv_path_GREP=/usr/bin/grep
ac_cv_path_SAMTOOLS=/home/sjl/workspace/softwares/samtools-1.9/samtools
ac_cv_path_SED=/usr/bin/sed
ac_cv_path_YAGGO=false
ac_cv_path_ac_pt_PKG_CONFIG=/usr/bin/pkg-config
ac_cv_path_install='/usr/bin/install -c'
ac_cv_path_lt_DD=/usr/bin/dd
ac_cv_path_mkdir=/usr/bin/mkdir
ac_cv_prog_AWK=gawk
ac_cv_prog_CPP='gcc -E'
ac_cv_prog_CXXCPP='g++ -E'
ac_cv_prog_MD5=md5sum
ac_cv_prog_ac_ct_AR=ar
ac_cv_prog_ac_ct_CC=gcc
ac_cv_prog_ac_ct_CXX=g++
ac_cv_prog_ac_ct_OBJDUMP=objdump
ac_cv_prog_ac_ct_RANLIB=ranlib
ac_cv_prog_ac_ct_STRIP=strip
ac_cv_prog_cc_c89=
ac_cv_prog_cc_g=yes
ac_cv_prog_cxx_g=yes
ac_cv_prog_make_make_set=yes
ac_cv_type___int128=yes
acl_cv_hardcode_direct=no
acl_cv_hardcode_libdir_flag_spec='${wl}-rpath ${wl}$libdir'
acl_cv_hardcode_libdir_separator=
acl_cv_hardcode_minus_L=no
acl_cv_libext=a
acl_cv_path_LD='/usr/bin/ld -m elf_x86_64'
acl_cv_prog_gnu_ld=yes
acl_cv_rpath=done
acl_cv_shlibext=so
acl_cv_wl=-Wl,
am_cv_CC_dependencies_compiler_type=gcc3
am_cv_CXX_dependencies_compiler_type=gcc3
am_cv_make_support_nested_variables=yes
am_cv_prog_cc_c_o=yes
ax_cv_check_cxxflags___mabm=yes
ax_cv_check_cxxflags___madx=yes
ax_cv_check_cxxflags___maes=yes
ax_cv_check_cxxflags___mavx2=yes
ax_cv_check_cxxflags___mavx=yes
ax_cv_check_cxxflags___mbmi2=yes
ax_cv_check_cxxflags___mbmi=yes
ax_cv_check_cxxflags___mfma=yes
ax_cv_check_cxxflags___mmmx=yes
ax_cv_check_cxxflags___mrdrnd=yes
ax_cv_check_cxxflags___msse2=yes
ax_cv_check_cxxflags___msse3=yes
ax_cv_check_cxxflags___msse4_1=yes
ax_cv_check_cxxflags___msse4_2=yes
ax_cv_check_cxxflags___msse=yes
ax_cv_check_cxxflags___mssse3=yes
ax_cv_gcc_x86_avx_xgetbv_0x00000000=7:0
ax_cv_gcc_x86_avx_xgetbv_=unknown
ax_cv_gcc_x86_cpuid_0x00000000=14:756e6547:6c65746e:49656e69
ax_cv_gcc_x86_cpuid_0x00000001=406f1:3200800:7ffefbff:bfebfbff
ax_cv_gcc_x86_cpuid_0x00000007=0:21cbfbb:0:0
ax_cv_gcc_x86_cpuid_0x80000000=80000008:0:0:0
ax_cv_gcc_x86_cpuid_0x80000001=0:0:121:2c100800
ax_cv_gcc_x86_cpuid_=unknown
ax_cv_have_abm_cpu_ext=yes
ax_cv_have_abm_ext=yes
ax_cv_have_adx_cpu_ext=yes
ax_cv_have_adx_ext=yes
ax_cv_have_aes_cpu_ext=yes
ax_cv_have_aes_ext=yes
ax_cv_have_avx2_cpu_ext=yes
ax_cv_have_avx2_ext=yes
ax_cv_have_avx512_os_support_ext=no
ax_cv_have_avx512bw_cpu_ext=no
ax_cv_have_avx512bw_ext=no
ax_cv_have_avx512cd_cpu_ext=no
ax_cv_have_avx512cd_ext=no
ax_cv_have_avx512dq_cpu_ext=no
ax_cv_have_avx512dq_ext=no
ax_cv_have_avx512er_cpu_ext=no
ax_cv_have_avx512er_ext=no
ax_cv_have_avx512f_cpu_ext=no
ax_cv_have_avx512f_ext=no
ax_cv_have_avx512ifma_cpu_ext=no
ax_cv_have_avx512ifma_ext=no
ax_cv_have_avx512pf_cpu_ext=no
ax_cv_have_avx512pf_ext=no
ax_cv_have_avx512vbmi_cpu_ext=no
ax_cv_have_avx512vbmi_ext=no
ax_cv_have_avx512vl_cpu_ext=no
ax_cv_have_avx512vl_ext=no
ax_cv_have_avx_cpu_ext=yes
ax_cv_have_avx_ext=yes
ax_cv_have_avx_os_support_ext=yes
ax_cv_have_bmi1_cpu_ext=yes
ax_cv_have_bmi1_ext=yes
ax_cv_have_bmi2_cpu_ext=yes
ax_cv_have_bmi2_ext=yes
ax_cv_have_fma3_cpu_ext=yes
ax_cv_have_fma3_ext=yes
ax_cv_have_fma4_cpu_ext=no
ax_cv_have_fma4_ext=no
ax_cv_have_mmx_cpu_ext=yes
ax_cv_have_mmx_ext=yes
ax_cv_have_mmx_os_support_ext=yes
ax_cv_have_mpx_cpu_ext=no
ax_cv_have_mpx_ext=no
ax_cv_have_none_os_support_ext=yes
ax_cv_have_prefetchwt1_cpu_ext=no
ax_cv_have_prefetchwt1_ext=no
ax_cv_have_rdrnd_cpu_ext=yes
ax_cv_have_rdrnd_ext=yes
ax_cv_have_sha_cpu_ext=no
ax_cv_have_sha_ext=no
ax_cv_have_sse2_cpu_ext=yes
ax_cv_have_sse2_ext=yes
ax_cv_have_sse3_cpu_ext=yes
ax_cv_have_sse3_ext=yes
ax_cv_have_sse41_cpu_ext=yes
ax_cv_have_sse41_ext=yes
ax_cv_have_sse42_cpu_ext=yes
ax_cv_have_sse42_ext=yes
ax_cv_have_sse4a_cpu_ext=no
ax_cv_have_sse4a_ext=no
ax_cv_have_sse_cpu_ext=yes
ax_cv_have_sse_ext=yes
ax_cv_have_sse_os_support_ext=yes
ax_cv_have_ssse3_cpu_ext=yes
ax_cv_have_ssse3_ext=yes
ax_cv_have_xop_cpu_ext=no
ax_cv_have_xop_ext=no
ax_cv_support_abm_ext=yes
ax_cv_support_adx_ext=yes
ax_cv_support_aes_ext=yes
ax_cv_support_avx2_ext=yes
ax_cv_support_avx512bw_ext=no
ax_cv_support_avx512cd_ext=no
ax_cv_support_avx512dq_ext=no
ax_cv_support_avx512er_ext=no
ax_cv_support_avx512f_ext=no
ax_cv_support_avx512ifma_ext=no
ax_cv_support_avx512pf_ext=no
ax_cv_support_avx512vbmi_ext=no
ax_cv_support_avx512vl_ext=no
ax_cv_support_avx_ext=yes
ax_cv_support_bmi1_ext=yes
ax_cv_support_bmi2_ext=yes
ax_cv_support_fma3_ext=yes
ax_cv_support_fma4_ext=no
ax_cv_support_mmx_ext=yes
ax_cv_support_mpx_ext=no
ax_cv_support_prefetchwt1_ext=no
ax_cv_support_rdrnd_ext=yes
ax_cv_support_sha_ext=no
ax_cv_support_sse2_ext=yes
ax_cv_support_sse3_ext=yes
ax_cv_support_sse41_ext=yes
ax_cv_support_sse42_ext=yes
ax_cv_support_sse4a_ext=no
ax_cv_support_sse_ext=yes
ax_cv_support_ssse3_ext=yes
ax_cv_support_xop_ext=no
lt_cv_ar_at_file=@
lt_cv_archive_cmds_need_lc=no
lt_cv_deplibs_check_method=pass_all
lt_cv_file_magic_cmd='$MAGIC_CMD'
lt_cv_file_magic_test_file=
lt_cv_ld_reload_flag=-r
lt_cv_nm_interface='BSD nm'
lt_cv_objdir=.libs
lt_cv_path_LD=/usr/bin/ld
lt_cv_path_LDCXX='/usr/bin/ld -m elf_x86_64'
lt_cv_path_NM='/usr/bin/nm -B'
lt_cv_path_mainfest_tool=no
lt_cv_prog_compiler_c_o=yes
lt_cv_prog_compiler_c_o_CXX=yes
lt_cv_prog_compiler_pic='-fPIC -DPIC'
lt_cv_prog_compiler_pic_CXX='-fPIC -DPIC'
lt_cv_prog_compiler_pic_works=yes
lt_cv_prog_compiler_pic_works_CXX=yes
lt_cv_prog_compiler_rtti_exceptions=no
lt_cv_prog_compiler_static_works=no
lt_cv_prog_compiler_static_works_CXX=no
lt_cv_prog_gnu_ld=yes
lt_cv_prog_gnu_ldcxx=yes
lt_cv_sharedlib_from_linklib_cmd='printf %s\n'
lt_cv_shlibpath_overrides_runpath=no
lt_cv_sys_global_symbol_pipe='sed -n -e '\''s/^.*[	 ]\([ABCDGIRSTW][ABCDGIRSTW]*\)[	 ][	 ]*\([_A-Za-z][_A-Za-z0-9]*\)$/\1 \2 \2/p'\'' | sed '\''/ __gnu_lto/d'\'''
lt_cv_sys_global_symbol_to_c_name_address='sed -n -e '\''s/^: \(.*\) .*$/  {"\1", (void *) 0},/p'\'' -e '\''s/^[ABCDGIRSTW][ABCDGIRSTW]* .* \(.*\)$/  {"\1", (void *) \&\1},/p'\'''
lt_cv_sys_global_symbol_to_c_name_address_lib_prefix='sed -n -e '\''s/^: \(.*\) .*$/  {"\1", (void *) 0},/p'\'' -e '\''s/^[ABCDGIRSTW][ABCDGIRSTW]* .* \(lib.*\)$/  {"\1", (void *) \&\1},/p'\'' -e '\''s/^[ABCDGIRSTW][ABCDGIRSTW]* .* \(.*\)$/  {"lib\1", (void *) \&\1},/p'\'''
lt_cv_sys_global_symbol_to_cdecl='sed -n -e '\''s/^T .* \(.*\)$/extern int \1();/p'\'' -e '\''s/^[ABCDGIRSTW][ABCDGIRSTW]* .* \(.*\)$/extern char \1;/p'\'''
lt_cv_sys_global_symbol_to_import=
lt_cv_sys_max_cmd_len=1572864
lt_cv_to_host_file_cmd=func_convert_file_noop
lt_cv_to_tool_file_cmd=func_convert_file_noop
lt_cv_truncate_bin='/usr/bin/dd bs=4096 count=1'

## ----------------- ##
## Output variables. ##
## ----------------- ##

ACLOCAL='${SHELL} /hadoop/tianmei/softwares/jellyfish-2.3.0/missing aclocal-1.15'
AMDEPBACKSLASH='\'
AMDEP_FALSE='#'
AMDEP_TRUE=''
AMTAR='$${TAR-tar}'
AM_BACKSLASH='\'
AM_DEFAULT_V='$(AM_DEFAULT_VERBOSITY)'
AM_DEFAULT_VERBOSITY='0'
AM_V='$(V)'
AR='ar'
AUTOCONF='${SHELL} /hadoop/tianmei/softwares/jellyfish-2.3.0/missing autoconf'
AUTOHEADER='${SHELL} /hadoop/tianmei/softwares/jellyfish-2.3.0/missing autoheader'
AUTOMAKE='${SHELL} /hadoop/tianmei/softwares/jellyfish-2.3.0/missing automake-1.15'
AWK='gawk'
CC='gcc'
CCDEPMODE='depmode=gcc3'
CFLAGS='-g -O2'
CPP='gcc -E'
CPPFLAGS=''
CPUEXT_FLAGS=' -mrdrnd -mbmi -mbmi2 -madx -mabm'
CXX='g++'
CXXCPP='g++ -E'
CXXDEPMODE='depmode=gcc3'
CXXFLAGS='-std=c++11 -g -O2'
CYGPATH_W='echo'
DEFS='-DHAVE_CONFIG_H'
DEPDIR='.deps'
DLLTOOL='false'
DSYMUTIL=''
DUMPBIN=''
ECHO_C=''
ECHO_N='-n'
ECHO_T=''
EGREP='/usr/bin/grep -E'
EXEEXT=''
FGREP='/usr/bin/grep -F'
GREP='/usr/bin/grep'
HAVE_SWIG_FALSE=''
HAVE_SWIG_TRUE='#'
HTSLIB_CFLAGS=''
HTSLIB_LIBS=''
HTSLIB_RPATH=''
INSTALL_DATA='${INSTALL} -m 644'
INSTALL_PROGRAM='${INSTALL}'
INSTALL_SCRIPT='${INSTALL}'
INSTALL_STRIP_PROGRAM='$(install_sh) -c -s'
LD='/usr/bin/ld -m elf_x86_64'
LDFLAGS=''
LIBOBJS=''
LIBS=''
LIBTOOL='$(SHELL) $(top_builddir)/libtool'
LIPO=''
LN_S='ln -s'
LTLIBOBJS=''
LT_SYS_LIBRARY_PATH=''
MAKEINFO='${SHELL} /hadoop/tianmei/softwares/jellyfish-2.3.0/missing makeinfo'
MANIFEST_TOOL=':'
MD5='md5sum'
MKDIR_P='/usr/bin/mkdir -p'
NM='/usr/bin/nm -B'
NMEDIT=''
OBJDUMP='objdump'
OBJEXT='o'
OTOOL64=''
OTOOL=''
PACKAGE='jellyfish'
PACKAGE_BUGREPORT='gmarcais@umd.edu'
PACKAGE_LIB='2.0'
PACKAGE_NAME='jellyfish'
PACKAGE_STRING='jellyfish 2.3.0'
PACKAGE_TARNAME='jellyfish'
PACKAGE_URL=''
PACKAGE_VERSION='2.3.0'
PATH_SEPARATOR=':'
PERL=''
PERL_BINDING_FALSE=''
PERL_BINDING_TRUE='#'
PERL_EXT_CPPFLAGS=''
PERL_EXT_INC=''
PERL_EXT_LDFLAGS=''
PERL_EXT_LIB=''
PERL_EXT_PREFIX=''
PKG_CONFIG='/usr/bin/pkg-config'
PKG_CONFIG_LIBDIR=''
PKG_CONFIG_PATH=''
PYTHON=''
PYTHON_BINDING_FALSE=''
PYTHON_BINDING_TRUE='#'
PYTHON_CPPFLAGS=''
PYTHON_DEPRECATED_FALSE='#'
PYTHON_DEPRECATED_TRUE=''
PYTHON_EXTRA_LDFLAGS=''
PYTHON_EXTRA_LIBS=''
PYTHON_LDFLAGS=''
PYTHON_SITE_PKG=''
PYTHON_VERSION=''
RANLIB='ranlib'
RUBY=''
RUBY_BINDING_FALSE=''
RUBY_BINDING_TRUE='#'
RUBY_EXT_CFLAGS=''
RUBY_EXT_LDFLAGS=''
RUBY_EXT_LIB=''
RUBY_EXT_LIBS=''
RUBY_VERSION=''
SAMTOOLS='/home/sjl/workspace/softwares/samtools-1.9/samtools'
SED='/usr/bin/sed'
SET_MAKE=''
SHELL='/bin/sh'
SIMD_FLAGS=' -mmmx -msse -msse2 -msse3 -mssse3 -msse4.1 -msse4.2 -maes -mavx -mfma -mavx2'
STATIC_FLAGS=''
STRIP='strip'
SWIG=''
SWIG_LIB=''
UNIX2DOS=''
VALGRIND_CFLAGS=''
VALGRIND_LIBS=''
VERSION='2.3.0'
YAGGO='false'
ac_ct_AR='ar'
ac_ct_CC='gcc'
ac_ct_CXX='g++'
ac_ct_DUMPBIN=''
am__EXEEXT_FALSE=''
am__EXEEXT_TRUE='#'
am__fastdepCC_FALSE='#'
am__fastdepCC_TRUE=''
am__fastdepCXX_FALSE='#'
am__fastdepCXX_TRUE=''
am__include='include'
am__isrc=''
am__leading_dot='.'
am__nodep='_no'
am__quote=''
am__tar='$${TAR-tar} chof - "$$tardir"'
am__untar='$${TAR-tar} xf -'
bindir='${exec_prefix}/bin'
build='x86_64-pc-linux-gnu'
build_alias=''
build_cpu='x86_64'
build_os='linux-gnu'
build_vendor='pc'
datadir='${datarootdir}'
datarootdir='${prefix}/share'
docdir='${datarootdir}/doc/${PACKAGE_TARNAME}'
dvidir='${docdir}'
exec_prefix='${prefix}'
host='x86_64-pc-linux-gnu'
host_alias=''
host_cpu='x86_64'
host_os='linux-gnu'
host_vendor='pc'
htmldir='${docdir}'
includedir='${prefix}/include'
infodir='${datarootdir}/info'
install_sh='${SHELL} /hadoop/tianmei/softwares/jellyfish-2.3.0/install-sh'
libdir='${exec_prefix}/lib'
libexecdir='${exec_prefix}/libexec'
localedir='${datarootdir}/locale'
localstatedir='${prefix}/var'
mandir='${datarootdir}/man'
mkdir_p='$(MKDIR_P)'
oldincludedir='/usr/include'
pdfdir='${docdir}'
prefix='/usr/local'
program_transform_name='s,x,x,'
psdir='${docdir}'
runstatedir='${localstatedir}/run'
sbindir='${exec_prefix}/sbin'
sharedstatedir='${prefix}/com'
sysconfdir='${prefix}/etc'
target_alias=''

## ----------- ##
## confdefs.h. ##
## ----------- ##

/* confdefs.h */
#define PACKAGE_NAME "jellyfish"
#define PACKAGE_TARNAME "jellyfish"
#define PACKAGE_VERSION "2.3.0"
#define PACKAGE_STRING "jellyfish 2.3.0"
#define PACKAGE_BUGREPORT "gmarcais@umd.edu"
#define PACKAGE_URL ""
#define PACKAGE "jellyfish"
#define VERSION "2.3.0"
#define STDC_HEADERS 1
#define HAVE_SYS_TYPES_H 1
#define HAVE_SYS_STAT_H 1
#define HAVE_STDLIB_H 1
#define HAVE_STRING_H 1
#define HAVE_MEMORY_H 1
#define HAVE_STRINGS_H 1
#define HAVE_INTTYPES_H 1
#define HAVE_STDINT_H 1
#define HAVE_UNISTD_H 1
#define HAVE_DLFCN_H 1
#define LT_OBJDIR ".libs/"
#define HAVE_RDRND 1
#define HAVE_BMI1 1
#define HAVE_BMI2 1
#define HAVE_ADX 1
#define HAVE_ABM 1
#define HAVE_MMX 1
#define HAVE_SSE 1
#define HAVE_SSE2 1
#define HAVE_SSE3 1
#define HAVE_SSSE3 1
#define HAVE_SSE4_1 1
#define HAVE_SSE4_2 1
#define HAVE_AES 1
#define HAVE_AVX 1
#define HAVE_FMA3 1
#define HAVE_AVX2 1
#define HAVE_INT128 1
#define HAVE_EXECINFO_H 1
#define HAVE_EXT_STDIO_FILEBUF_H 1
#define HAVE_SYS_SYSCALL_H 1
#define HAVE_SI_INT 1
#define HAVE_POSIX_MEMALIGN 1
#define HAVE_ALIGNED_ALLOC 1

configure: exit 0
